SF:lib\feature\category\domain\usecase\category_usecase.dart
DA:9,0
DA:11,0
DA:12,0
LF:3
LH:0
end_of_record
SF:lib\feature\home\presentation\bloc\bottom_nav_cubit.dart
DA:4,0
DA:6,0
LF:2
LH:0
end_of_record
SF:lib\feature\other\presentation\bloc\language_cubit.dart
DA:4,0
DA:6,0
DA:8,0
DA:9,0
DA:10,0
DA:13,0
DA:16,0
DA:19,0
DA:22,0
DA:25,0
DA:28,0
LF:11
LH:0
end_of_record
SF:lib\feature\other\presentation\bloc\theme_cubit.dart
DA:6,0
DA:8,0
DA:10,0
DA:11,0
DA:12,0
DA:13,0
DA:15,0
DA:16,0
DA:18,0
DA:19,0
LF:10
LH:0
end_of_record
SF:lib\feature\user\auth\login\presentation\bloc\toggle_password_visibility_cubit.dart
DA:4,0
DA:6,0
LF:2
LH:0
end_of_record
SF:lib\feature\user\auth\login\presentation\bloc\user_cubit.dart
DA:4,0
DA:6,0
LF:2
LH:0
end_of_record
SF:lib\feature\user\profile\presentation\bloc\profile_state.dart
DA:6,0
DA:8,0
DA:9,0
DA:11,0
LF:4
LH:0
end_of_record
SF:lib\feature\user\profile\presentation\bloc\profile_cubit.dart
DA:15,0
DA:16,0
DA:18,0
DA:20,0
DA:22,0
DA:23,0
DA:28,0
DA:30,0
DA:31,0
DA:32,0
DA:34,0
DA:35,0
DA:39,0
DA:41,0
DA:45,0
DA:46,0
DA:47,0
LF:17
LH:0
end_of_record
SF:lib\feature\user\auth\login\presentation\bloc\login_state.dart
DA:6,0
DA:8,0
DA:9,0
LF:3
LH:0
end_of_record
SF:lib\feature\user\auth\login\presentation\bloc\login_cubit.dart
DA:14,0
DA:15,0
DA:17,0
DA:19,0
DA:22,0
DA:24,0
DA:25,0
DA:26,0
DA:28,0
DA:29,0
LF:10
LH:0
end_of_record
SF:lib\feature\category\presentation\bloc\category_state.dart
DA:8,1
DA:10,1
DA:11,1
DA:13,0
DA:15,1
DA:16,2
LF:6
LH:5
end_of_record
SF:lib\feature\category\presentation\bloc\category_cubit.dart
DA:14,1
DA:15,3
DA:17,1
DA:19,4
DA:22,2
DA:24,1
DA:25,5
DA:26,0
DA:28,0
DA:29,0
LF:10
LH:7
end_of_record
SF:lib\feature\product\presentation\bloc\product_state.dart
DA:6,0
DA:8,0
DA:9,0
LF:3
LH:0
end_of_record
SF:lib\feature\product\presentation\bloc\product_cubit.dart
DA:16,0
DA:17,0
DA:19,0
DA:24,0
DA:26,0
DA:27,0
DA:32,0
DA:35,0
DA:36,0
DA:37,0
DA:39,0
DA:40,0
DA:44,0
DA:49,0
DA:51,0
DA:52,0
DA:57,0
DA:60,0
DA:61,0
DA:62,0
DA:64,0
DA:65,0
DA:69,0
DA:74,0
DA:76,0
DA:77,0
DA:82,0
DA:85,0
DA:86,0
DA:87,0
DA:88,0
DA:90,0
DA:91,0
DA:96,0
DA:97,0
DA:98,0
LF:36
LH:0
end_of_record
SF:lib\feature\product\presentation\bloc\product_bookmark_cubit.dart
DA:8,0
DA:9,0
DA:10,0
DA:12,0
DA:13,0
DA:15,0
DA:16,0
DA:17,0
DA:18,0
LF:9
LH:0
end_of_record
SF:lib\feature\product\presentation\bloc\product_bookmark_state.dart
DA:6,0
DA:8,0
DA:10,0
LF:3
LH:0
end_of_record
SF:lib\feature\product\presentation\bloc\cart_state.dart
DA:6,0
DA:8,0
DA:9,0
LF:3
LH:0
end_of_record
SF:lib\feature\product\presentation\bloc\cart_cubit.dart
DA:8,0
DA:10,0
DA:11,0
DA:13,0
DA:14,0
DA:15,0
LF:6
LH:0
end_of_record
SF:lib\feature\product\presentation\bloc\product_sort_cubit.dart
DA:4,0
DA:6,0
LF:2
LH:0
end_of_record
SF:lib\feature\user\auth\login\presentation\bloc\login_data_status.dart
DA:14,0
DA:19,0
LF:2
LH:0
end_of_record
SF:lib\feature\user\profile\presentation\bloc\profile_data_status.dart
DA:15,0
DA:20,0
LF:2
LH:0
end_of_record
SF:lib\feature\category\presentation\bloc\category_data_status.dart
DA:10,1
DA:11,1
DA:16,1
DA:18,1
DA:19,2
DA:24,1
DA:26,1
DA:27,2
LF:8
LH:8
end_of_record
SF:lib\feature\product\presentation\bloc\product_data_status.dart
DA:14,0
DA:19,0
DA:24,0
LF:3
LH:0
end_of_record
SF:lib\feature\product\presentation\bloc\product_bookmark_data_status.dart
DA:12,0
LF:1
LH:0
end_of_record
SF:lib\feature\user\profile\domain\entity\profile_response_entity.dart
DA:12,0
DA:21,0
DA:22,0
LF:3
LH:0
end_of_record
SF:lib\feature\category\domain\entity\category_response_entity.dart
DA:6,1
DA:8,1
DA:9,1
LF:3
LH:3
end_of_record
SF:lib\feature\product\domain\entity\product_response_entity.dart
DA:7,0
DA:9,0
DA:10,0
DA:22,0
DA:32,0
DA:33,0
LF:6
LH:0
end_of_record
SF:lib\feature\user\auth\login\domain\entity\login_response_entity.dart
DA:6,0
DA:8,0
DA:9,0
LF:3
LH:0
end_of_record
SF:lib\feature\user\profile\data\model\profile_response_model.dart
DA:4,0
DA:11,0
DA:20,0
DA:21,0
DA:22,0
DA:23,0
DA:24,0
DA:25,0
DA:26,0
DA:27,0
DA:29,0
DA:37,0
DA:39,0
DA:40,0
DA:41,0
LF:15
LH:0
end_of_record
SF:lib\feature\category\data\model\category_response_model.dart
DA:4,0
DA:5,0
DA:7,0
DA:8,0
DA:9,0
LF:5
LH:0
end_of_record
SF:lib\feature\product\data\model\product_response_model.dart
DA:4,0
DA:6,0
DA:7,0
DA:8,0
DA:9,0
DA:10,0
DA:14,0
DA:22,0
DA:32,0
DA:33,0
DA:34,0
DA:35,0
DA:36,0
DA:37,0
DA:38,0
DA:39,0
DA:40,0
DA:48,0
DA:50,0
DA:51,0
LF:20
LH:0
end_of_record
SF:lib\feature\user\auth\login\data\model\login_request_model.dart
DA:5,0
DA:7,0
LF:2
LH:0
end_of_record
SF:lib\feature\user\auth\login\data\model\login_response_model.dart
DA:4,0
DA:6,0
DA:7,0
LF:3
LH:0
end_of_record
SF:lib\feature\other\data\model\language_model.dart
DA:5,0
LF:1
LH:0
end_of_record
SF:lib\feature\product\data\model\product_details_params_model.dart
DA:4,0
DA:6,0
DA:7,0
DA:10,0
LF:4
LH:0
end_of_record
SF:lib\feature\other\data\model\theme_model.dart
DA:7,0
LF:1
LH:0
end_of_record
SF:lib\feature\product\data\model\product_params_model.dart
DA:5,0
DA:7,0
DA:8,0
DA:9,0
DA:10,0
DA:14,0
LF:6
LH:0
end_of_record
SF:lib\feature\user\profile\data\model\profile_item_model.dart
DA:8,0
LF:1
LH:0
end_of_record
SF:lib\feature\product\data\model\product_sort_item_model.dart
DA:5,0
LF:1
LH:0
end_of_record
SF:lib\feature\product\data\model\product_request_model.dart
DA:6,0
DA:12,0
LF:2
LH:0
end_of_record
SF:lib\core\network\dio.dart
DA:9,0
DA:10,0
DA:11,0
DA:12,0
DA:15,0
DA:16,0
DA:19,0
DA:24,0
DA:27,0
DA:31,0
DA:37,0
DA:41,0
DA:45,0
DA:50,0
DA:53,0
DA:57,0
DA:62,0
DA:65,0
DA:69,0
DA:74,0
DA:77,0
LF:21
LH:0
end_of_record
SF:lib\core\network\network_exception.dart
DA:7,1
DA:9,0
DA:10,0
DA:11,0
DA:12,0
DA:14,0
DA:15,0
DA:17,0
DA:18,0
DA:21,0
DA:22,0
DA:24,0
DA:25,0
DA:27,0
DA:28,0
DA:30,0
DA:31,0
DA:33,0
DA:34,0
DA:36,0
DA:37,0
DA:39,0
DA:40,0
DA:42,0
DA:43,0
DA:45,0
DA:46,0
DA:48,0
DA:49,0
DA:51,0
DA:52,0
DA:54,0
DA:55,0
DA:57,0
DA:58,0
DA:60,0
DA:61,0
DA:63,0
DA:64,0
DA:66,0
DA:67,0
DA:69,0
DA:70,0
DA:72,0
DA:73,0
DA:75,0
DA:76,0
DA:78,0
DA:79,0
DA:81,0
DA:82,0
DA:84,0
DA:85,0
DA:87,0
DA:88,0
DA:90,0
DA:91,0
DA:93,0
DA:94,0
DA:96,0
DA:97,0
DA:99,0
DA:100,0
DA:102,0
DA:103,0
DA:105,0
DA:106,0
DA:108,0
DA:109,0
DA:111,0
DA:112,0
DA:114,0
DA:115,0
DA:117,0
DA:118,0
DA:120,0
DA:121,0
DA:123,0
DA:124,0
DA:127,0
DA:131,0
DA:135,0
DA:140,0
DA:145,0
DA:150,0
DA:155,0
DA:161,0
DA:166,0
DA:171,0
DA:176,0
DA:181,0
DA:186,0
DA:191,0
DA:196,0
DA:201,0
DA:206,0
DA:211,0
DA:216,0
DA:221,0
DA:226,0
DA:231,0
DA:236,0
DA:241,0
DA:246,0
DA:251,0
DA:256,0
DA:261,0
DA:266,0
DA:271,0
DA:276,0
DA:281,0
DA:286,0
DA:291,0
DA:296,0
DA:301,0
DA:306,0
DA:311,0
DA:316,0
DA:321,0
DA:326,0
DA:331,0
DA:335,3
LF:122
LH:2
end_of_record
SF:lib\feature\user\profile\data\data_source\remote\profile_remote_data_source.dart
DA:17,0
DA:21,0
DA:23,0
DA:24,0
DA:27,0
DA:28,0
DA:29,0
DA:31,0
LF:8
LH:0
end_of_record
SF:lib\feature\category\data\data_source\remote\category_remote_data_source.dart
DA:15,0
DA:18,0
DA:20,0
DA:21,0
DA:22,0
DA:25,0
DA:26,0
DA:27,0
DA:29,0
LF:9
LH:0
end_of_record
SF:lib\feature\product\data\data_source\remote\product_remote_data_source.dart
DA:22,0
DA:26,0
DA:28,0
DA:30,0
DA:31,0
DA:32,0
DA:35,0
DA:36,0
DA:37,0
DA:39,0
DA:43,0
DA:47,0
DA:49,0
DA:50,0
DA:52,0
DA:53,0
DA:54,0
DA:57,0
DA:58,0
DA:59,0
DA:61,0
DA:65,0
DA:69,0
DA:71,0
DA:73,0
DA:74,0
DA:77,0
DA:78,0
DA:79,0
DA:81,0
LF:30
LH:0
end_of_record
SF:lib\feature\user\auth\login\data\data_source\remote\login_remote_data_source.dart
DA:18,0
DA:22,0
DA:23,0
DA:25,0
DA:26,0
DA:29,0
DA:30,0
DA:31,0
DA:33,0
LF:9
LH:0
end_of_record
SF:lib\feature\user\profile\data\repository\profile_repository_impl.dart
DA:10,0
DA:12,0
DA:14,0
LF:3
LH:0
end_of_record
SF:lib\feature\category\data\repository\category_repository_impl.dart
DA:10,0
DA:12,0
DA:14,0
LF:3
LH:0
end_of_record
SF:lib\feature\product\data\repository\product_repository_impl.dart
DA:11,0
DA:13,0
DA:16,0
DA:19,0
DA:22,0
DA:25,0
DA:28,0
LF:7
LH:0
end_of_record
SF:lib\feature\user\auth\login\data\repository\login_repository_impl.dart
DA:11,0
DA:13,0
DA:16,0
LF:3
LH:0
end_of_record
SF:lib\config\resource\color.dart
DA:4,0
LF:1
LH:0
end_of_record
SF:lib\config\resource\spacing.dart
DA:8,0
DA:9,0
DA:10,0
DA:11,0
DA:12,0
DA:13,0
DA:14,0
DA:15,0
DA:16,0
DA:17,0
DA:18,0
DA:19,0
DA:20,0
DA:21,0
DA:22,0
DA:23,0
DA:24,0
DA:25,0
DA:26,0
DA:27,0
DA:28,0
DA:29,0
DA:33,0
DA:34,0
DA:35,0
DA:36,0
DA:37,0
DA:38,0
DA:39,0
DA:40,0
DA:41,0
DA:42,0
DA:43,0
DA:44,0
DA:45,0
DA:46,0
DA:47,0
DA:48,0
DA:49,0
DA:50,0
DA:51,0
DA:52,0
DA:53,0
DA:57,0
DA:58,0
DA:59,0
DA:60,0
DA:61,0
DA:62,0
DA:63,0
DA:64,0
DA:65,0
DA:66,0
DA:67,0
DA:68,0
DA:69,0
DA:70,0
DA:71,0
DA:72,0
DA:73,0
DA:74,0
DA:75,0
DA:76,0
DA:77,0
DA:81,0
DA:82,0
DA:83,0
DA:84,0
LF:68
LH:0
end_of_record
SF:lib\config\resource\text_style.dart
DA:6,0
DA:8,0
DA:10,0
DA:12,0
DA:16,0
DA:18,0
DA:19,0
DA:25,0
DA:26,0
DA:31,0
DA:33,0
DA:34,0
DA:36,0
DA:37,0
DA:39,0
DA:41,0
DA:44,0
DA:45,0
DA:46,0
DA:47,0
DA:49,0
DA:52,0
DA:53,0
DA:54,0
DA:57,0
DA:58,0
DA:59,0
DA:62,0
DA:63,0
DA:67,0
DA:68,0
DA:70,0
DA:71,0
DA:75,0
DA:77,0
DA:81,0
DA:83,0
DA:85,0
DA:87,0
DA:88,0
DA:92,0
DA:93,0
DA:97,0
DA:99,0
DA:100,0
DA:104,0
DA:105,0
DA:109,0
DA:111,0
DA:112,0
DA:113,0
DA:116,0
DA:117,0
DA:121,0
DA:122,0
DA:125,0
DA:126,0
DA:130,0
DA:131,0
DA:135,0
DA:137,0
DA:138,0
DA:139,0
DA:143,0
DA:145,0
DA:146,0
DA:150,0
DA:152,0
DA:153,0
LF:69
LH:0
end_of_record
SF:lib\config\resource\theme.dart
DA:5,0
DA:8,0
DA:9,0
DA:11,0
DA:12,0
DA:13,0
DA:14,0
DA:18,0
DA:21,0
DA:22,0
DA:24,0
DA:25,0
DA:26,0
DA:27,0
LF:14
LH:0
end_of_record
SF:lib\config\resource\radius.dart
DA:6,0
DA:9,0
DA:10,0
DA:11,0
DA:12,0
DA:13,0
DA:14,0
DA:15,0
DA:16,0
DA:20,0
DA:21,0
DA:22,0
DA:25,0
DA:26,0
DA:27,0
DA:30,0
DA:31,0
DA:32,0
LF:18
LH:0
end_of_record
SF:lib\config\resource\duration.dart
DA:3,0
DA:6,0
DA:7,0
DA:10,0
DA:11,0
LF:5
LH:0
end_of_record
SF:lib\feature\user\profile\domain\usecase\profile_usecase.dart
DA:9,0
DA:11,0
DA:12,0
LF:3
LH:0
end_of_record
SF:lib\feature\product\domain\usecase\product_usecase.dart
DA:10,0
DA:12,0
DA:14,0
DA:16,0
DA:18,0
DA:21,0
DA:23,0
LF:7
LH:0
end_of_record
SF:lib\feature\user\auth\login\domain\usecase\login_usecase.dart
DA:10,0
DA:12,0
DA:14,0
LF:3
LH:0
end_of_record
SF:lib\core\util\connection.dart
DA:6,0
DA:9,0
DA:11,0
DA:12,0
DA:13,0
DA:17,0
LF:6
LH:0
end_of_record
SF:lib\core\util\injection.dart
DA:10,0
DA:11,0
DA:14,0
DA:15,0
DA:18,0
DA:20,0
DA:21,0
DA:22,0
DA:23,0
DA:24,0
DA:27,0
DA:28,0
DA:29,0
DA:32,0
DA:33,0
DA:34,0
DA:37,0
DA:38,0
DA:39,0
DA:42,0
DA:43,0
DA:44,0
LF:22
LH:0
end_of_record
SF:lib\core\util\lang.dart
DA:4,0
DA:6,0
DA:7,0
DA:84,0
DA:161,0
DA:238,0
DA:315,0
DA:392,0
DA:469,0
LF:9
LH:0
end_of_record
SF:lib\core\util\log.dart
DA:4,0
DA:5,0
DA:7,0
DA:10,0
DA:11,0
DA:13,0
DA:16,0
DA:17,0
DA:19,0
DA:22,0
DA:23,0
DA:25,0
DA:28,0
DA:29,0
DA:31,0
LF:15
LH:0
end_of_record
SF:lib\core\util\secure_storage.dart
DA:4,0
DA:5,0
DA:10,0
DA:11,0
DA:15,0
DA:16,0
LF:6
LH:0
end_of_record
SF:lib\core\util\token.dart
DA:6,0
DA:7,0
DA:10,0
DA:11,0
DA:14,0
DA:15,0
DA:18,0
DA:19,0
DA:22,0
DA:23,0
LF:10
LH:0
end_of_record
SF:lib\core\util\validation.dart
DA:4,0
LF:1
LH:0
end_of_record
SF:lib\core\util\theme_color_handler.dart
DA:5,0
DA:10,0
DA:12,0
DA:14,0
DA:15,0
LF:5
LH:0
end_of_record
SF:lib\core\util\show_error.dart
DA:11,0
DA:12,0
DA:14,0
DA:19,0
DA:24,0
DA:31,0
DA:35,0
DA:40,0
DA:42,0
DA:43,0
DA:45,0
DA:46,0
DA:47,0
DA:48,0
DA:49,0
DA:51,0
DA:57,0
DA:58,0
DA:60,0
DA:61,0
DA:63,0
DA:64,0
DA:65,0
DA:66,0
DA:67,0
DA:68,0
DA:74,0
DA:75,0
DA:77,0
DA:78,0
DA:82,0
DA:83,0
DA:85,0
DA:90,0
DA:94,0
DA:97,0
DA:98,0
LF:37
LH:0
end_of_record
SF:lib\core\util\integer.dart
DA:2,0
DA:3,0
LF:2
LH:0
end_of_record
SF:lib\core\widget\appbar.dart
DA:7,0
DA:18,0
DA:23,0
DA:25,0
DA:28,0
DA:35,0
DA:36,0
DA:39,0
DA:40,0
DA:42,0
DA:48,0
DA:56,0
DA:57,0
DA:59,0
DA:60,0
DA:64,0
DA:65,0
DA:67,0
DA:68,0
DA:73,0
DA:74,0
DA:77,0
LF:22
LH:0
end_of_record
SF:lib\core\widget\divider.dart
DA:9,0
DA:14,0
DA:15,0
DA:16,0
DA:18,0
DA:19,0
DA:29,0
DA:37,0
DA:39,0
DA:40,0
DA:42,0
DA:43,0
DA:44,0
DA:47,0
DA:52,0
DA:58,0
DA:59,0
DA:60,0
DA:61,0
DA:62,0
LF:20
LH:0
end_of_record
SF:lib\core\widget\elevated_action.dart
DA:7,0
DA:15,0
DA:17,0
DA:18,0
DA:19,0
DA:21,0
DA:22,0
DA:25,0
DA:30,0
DA:31,0
DA:34,0
DA:35,0
DA:36,0
LF:13
LH:0
end_of_record
SF:lib\core\widget\not_found.dart
DA:11,0
DA:13,0
DA:15,0
DA:16,0
DA:18,0
DA:19,0
DA:21,0
DA:22,0
DA:23,0
DA:24,0
DA:25,0
DA:26,0
DA:33,0
DA:34,0
DA:36,0
DA:37,0
DA:41,0
DA:42,0
DA:43,0
DA:44,0
DA:49,0
DA:50,0
DA:51,0
DA:52,0
DA:53,0
DA:54,0
DA:55,0
LF:27
LH:0
end_of_record
SF:lib\core\widget\text_form_field.dart
DA:24,0
DA:45,0
DA:47,0
DA:49,0
DA:50,0
DA:51,0
DA:52,0
DA:53,0
DA:54,0
DA:55,0
DA:56,0
DA:57,0
DA:58,0
DA:59,0
DA:60,0
DA:61,0
DA:62,0
DA:63,0
DA:64,0
DA:65,0
DA:66,0
DA:68,0
DA:69,0
DA:70,0
DA:71,0
DA:72,0
DA:73,0
DA:74,0
DA:75,0
DA:76,0
DA:77,0
DA:78,0
DA:79,0
DA:81,0
DA:82,0
LF:35
LH:0
end_of_record
SF:lib\core\widget\snackbar.dart
DA:8,0
DA:13,0
DA:15,0
DA:16,0
DA:17,0
DA:21,0
DA:22,0
DA:27,0
DA:31,0
DA:32,0
DA:33,0
DA:34,0
DA:36,0
DA:41,0
DA:42,0
DA:43,0
DA:45,0
LF:17
LH:0
end_of_record
SF:lib\core\widget\loading.dart
DA:10,0
DA:11,0
DA:12,0
DA:13,0
DA:15,0
DA:20,0
DA:26,0
DA:27,0
LF:8
LH:0
end_of_record
SF:lib\core\widget\placeholder.dart
DA:6,0
DA:7,0
DA:9,0
DA:10,0
LF:4
LH:0
end_of_record
SF:lib\core\widget\bottom_sheet.dart
DA:8,0
DA:13,0
DA:15,0
DA:16,0
DA:17,0
DA:19,0
DA:20,0
DA:21,0
DA:22,0
DA:23,0
DA:24,0
DA:33,0
DA:34,0
DA:35,0
DA:36,0
DA:38,0
DA:39,0
DA:40,0
DA:42,0
DA:48,0
DA:49,0
DA:52,0
DA:53,0
DA:56,0
DA:61,0
DA:63,0
DA:66,0
DA:67,0
DA:68,0
DA:69,0
DA:77,0
DA:78,0
LF:32
LH:0
end_of_record
